[0.611s] Invoking command in '/home/tomasz_pietkun/PycharmProjects/Pioneer3DX_masters/src/pioneer_pkg': PYTHONPATH=/home/tomasz_pietkun/PycharmProjects/Pioneer3DX_masters/build/pioneer_pkg/prefix_override:/home/tomasz_pietkun/PycharmProjects/Pioneer3DX_masters/install/pioneer_pkg/lib/python3.10/site-packages:${PYTHONPATH} /usr/bin/python3 setup.py egg_info --egg-base ../../build/pioneer_pkg build --build-base /home/tomasz_pietkun/PycharmProjects/Pioneer3DX_masters/build/pioneer_pkg/build install --record /home/tomasz_pietkun/PycharmProjects/Pioneer3DX_masters/build/pioneer_pkg/install.log --single-version-externally-managed
[0.824s] running egg_info
[0.825s] writing ../../build/pioneer_pkg/pioneer_pkg.egg-info/PKG-INFO
[0.825s] writing dependency_links to ../../build/pioneer_pkg/pioneer_pkg.egg-info/dependency_links.txt
[0.825s] writing entry points to ../../build/pioneer_pkg/pioneer_pkg.egg-info/entry_points.txt
[0.825s] writing requirements to ../../build/pioneer_pkg/pioneer_pkg.egg-info/requires.txt
[0.825s] writing top-level names to ../../build/pioneer_pkg/pioneer_pkg.egg-info/top_level.txt
[0.826s] reading manifest file '../../build/pioneer_pkg/pioneer_pkg.egg-info/SOURCES.txt'
[0.826s] adding license file 'LICENSE'
[0.827s] writing manifest file '../../build/pioneer_pkg/pioneer_pkg.egg-info/SOURCES.txt'
[0.827s] running build
[0.827s] running build_py
[0.827s] running install
[0.827s] /usr/lib/python3/dist-packages/setuptools/command/install.py:34: SetuptoolsDeprecationWarning: setup.py install is deprecated. Use build and pip and other standards-based tools.
[0.827s]   warnings.warn(
[0.828s] running install_lib
[0.829s] running install_data
[0.829s] running install_egg_info
[0.830s] removing '/home/tomasz_pietkun/PycharmProjects/Pioneer3DX_masters/install/pioneer_pkg/lib/python3.10/site-packages/pioneer_pkg-0.0.0-py3.10.egg-info' (and everything under it)
[0.831s] Copying ../../build/pioneer_pkg/pioneer_pkg.egg-info to /home/tomasz_pietkun/PycharmProjects/Pioneer3DX_masters/install/pioneer_pkg/lib/python3.10/site-packages/pioneer_pkg-0.0.0-py3.10.egg-info
[0.832s] running install_scripts
[0.849s] writing list of installed files to '/home/tomasz_pietkun/PycharmProjects/Pioneer3DX_masters/build/pioneer_pkg/install.log'
[0.875s] Invoked command in '/home/tomasz_pietkun/PycharmProjects/Pioneer3DX_masters/src/pioneer_pkg' returned '0': PYTHONPATH=/home/tomasz_pietkun/PycharmProjects/Pioneer3DX_masters/build/pioneer_pkg/prefix_override:/home/tomasz_pietkun/PycharmProjects/Pioneer3DX_masters/install/pioneer_pkg/lib/python3.10/site-packages:${PYTHONPATH} /usr/bin/python3 setup.py egg_info --egg-base ../../build/pioneer_pkg build --build-base /home/tomasz_pietkun/PycharmProjects/Pioneer3DX_masters/build/pioneer_pkg/build install --record /home/tomasz_pietkun/PycharmProjects/Pioneer3DX_masters/build/pioneer_pkg/install.log --single-version-externally-managed
