[0.175s] Invoking command in '/home/tomasz_pietkun/PycharmProjects/Pioneer3DX_masters/build/amr_robots_gazebo': /usr/bin/cmake /home/tomasz_pietkun/PycharmProjects/Pioneer3DX_masters/amr-ros-config-master/gazebo -DCATKIN_INSTALL_INTO_PREFIX_ROOT=0 -DCMAKE_INSTALL_PREFIX=/home/tomasz_pietkun/PycharmProjects/Pioneer3DX_masters/install/amr_robots_gazebo
[0.237s] -- The C compiler identification is GNU 11.4.0
[0.307s] -- The CXX compiler identification is GNU 11.4.0
[0.316s] -- Detecting C compiler ABI info
[0.382s] -- Detecting C compiler ABI info - done
[0.399s] -- Check for working C compiler: /usr/bin/cc - skipped
[0.400s] -- Detecting C compile features
[0.401s] -- Detecting C compile features - done
[0.403s] -- Detecting CXX compiler ABI info
[0.517s] -- Detecting CXX compiler ABI info - done
[0.525s] -- Check for working CXX compiler: /usr/bin/c++ - skipped
[0.525s] -- Detecting CXX compile features
[0.525s] -- Detecting CXX compile features - done
[0.526s] -- Configuring done
[0.527s] -- Generating done
[0.527s] [33mCMake Warning:
[0.527s]   Manually-specified variables were not used by the project:
[0.527s] 
[0.528s]     CATKIN_INSTALL_INTO_PREFIX_ROOT
[0.528s] 
[0.528s] [0m
[0.528s] -- Build files have been written to: /home/tomasz_pietkun/PycharmProjects/Pioneer3DX_masters/build/amr_robots_gazebo
