running egg_info
creating ../../build/pioneer_pkg/pioneer_pkg.egg-info
writing ../../build/pioneer_pkg/pioneer_pkg.egg-info/PKG-INFO
writing dependency_links to ../../build/pioneer_pkg/pioneer_pkg.egg-info/dependency_links.txt
writing entry points to ../../build/pioneer_pkg/pioneer_pkg.egg-info/entry_points.txt
writing requirements to ../../build/pioneer_pkg/pioneer_pkg.egg-info/requires.txt
writing top-level names to ../../build/pioneer_pkg/pioneer_pkg.egg-info/top_level.txt
writing manifest file '../../build/pioneer_pkg/pioneer_pkg.egg-info/SOURCES.txt'
reading manifest file '../../build/pioneer_pkg/pioneer_pkg.egg-info/SOURCES.txt'
adding license file 'LICENSE'
writing manifest file '../../build/pioneer_pkg/pioneer_pkg.egg-info/SOURCES.txt'
running build
running build_py
creating /home/tomasz_pietkun/PycharmProjects/Pioneer3DX_masters/build/pioneer_pkg/build
creating /home/tomasz_pietkun/PycharmProjects/Pioneer3DX_masters/build/pioneer_pkg/build/lib
creating /home/tomasz_pietkun/PycharmProjects/Pioneer3DX_masters/build/pioneer_pkg/build/lib/pioneer_pkg
copying pioneer_pkg/__init__.py -> /home/tomasz_pietkun/PycharmProjects/Pioneer3DX_masters/build/pioneer_pkg/build/lib/pioneer_pkg
running install
running install_lib
creating /home/tomasz_pietkun/PycharmProjects/Pioneer3DX_masters/install/pioneer_pkg/lib/python3.10/site-packages/pioneer_pkg
copying /home/tomasz_pietkun/PycharmProjects/Pioneer3DX_masters/build/pioneer_pkg/build/lib/pioneer_pkg/__init__.py -> /home/tomasz_pietkun/PycharmProjects/Pioneer3DX_masters/install/pioneer_pkg/lib/python3.10/site-packages/pioneer_pkg
byte-compiling /home/tomasz_pietkun/PycharmProjects/Pioneer3DX_masters/install/pioneer_pkg/lib/python3.10/site-packages/pioneer_pkg/__init__.py to __init__.cpython-310.pyc
running install_data
creating /home/tomasz_pietkun/PycharmProjects/Pioneer3DX_masters/install/pioneer_pkg/share/ament_index
creating /home/tomasz_pietkun/PycharmProjects/Pioneer3DX_masters/install/pioneer_pkg/share/ament_index/resource_index
creating /home/tomasz_pietkun/PycharmProjects/Pioneer3DX_masters/install/pioneer_pkg/share/ament_index/resource_index/packages
copying resource/pioneer_pkg -> /home/tomasz_pietkun/PycharmProjects/Pioneer3DX_masters/install/pioneer_pkg/share/ament_index/resource_index/packages
copying package.xml -> /home/tomasz_pietkun/PycharmProjects/Pioneer3DX_masters/install/pioneer_pkg/share/pioneer_pkg
running install_egg_info
Copying ../../build/pioneer_pkg/pioneer_pkg.egg-info to /home/tomasz_pietkun/PycharmProjects/Pioneer3DX_masters/install/pioneer_pkg/lib/python3.10/site-packages/pioneer_pkg-0.0.0-py3.10.egg-info
running install_scripts
writing list of installed files to '/home/tomasz_pietkun/PycharmProjects/Pioneer3DX_masters/build/pioneer_pkg/install.log'
