[0.708s] Invoking command in '/home/tomasz_pietkun/PycharmProjects/Pioneer3DX_masters/src/pioneer_pkg': PYTHONPATH=/home/tomasz_pietkun/PycharmProjects/Pioneer3DX_masters/build/pioneer_pkg/prefix_override:/home/tomasz_pietkun/PycharmProjects/Pioneer3DX_masters/install/pioneer_pkg/lib/python3.10/site-packages:${PYTHONPATH} /usr/bin/python3 setup.py egg_info --egg-base ../../build/pioneer_pkg build --build-base /home/tomasz_pietkun/PycharmProjects/Pioneer3DX_masters/build/pioneer_pkg/build install --record /home/tomasz_pietkun/PycharmProjects/Pioneer3DX_masters/build/pioneer_pkg/install.log --single-version-externally-managed
[0.899s] running egg_info
[0.899s] creating ../../build/pioneer_pkg/pioneer_pkg.egg-info
[0.899s] writing ../../build/pioneer_pkg/pioneer_pkg.egg-info/PKG-INFO
[0.899s] writing dependency_links to ../../build/pioneer_pkg/pioneer_pkg.egg-info/dependency_links.txt
[0.900s] writing entry points to ../../build/pioneer_pkg/pioneer_pkg.egg-info/entry_points.txt
[0.900s] writing requirements to ../../build/pioneer_pkg/pioneer_pkg.egg-info/requires.txt
[0.900s] writing top-level names to ../../build/pioneer_pkg/pioneer_pkg.egg-info/top_level.txt
[0.900s] writing manifest file '../../build/pioneer_pkg/pioneer_pkg.egg-info/SOURCES.txt'
[0.901s] reading manifest file '../../build/pioneer_pkg/pioneer_pkg.egg-info/SOURCES.txt'
[0.901s] adding license file 'LICENSE'
[0.901s] writing manifest file '../../build/pioneer_pkg/pioneer_pkg.egg-info/SOURCES.txt'
[0.901s] running build
[0.901s] running build_py
[0.902s] creating /home/tomasz_pietkun/PycharmProjects/Pioneer3DX_masters/build/pioneer_pkg/build
[0.902s] creating /home/tomasz_pietkun/PycharmProjects/Pioneer3DX_masters/build/pioneer_pkg/build/lib
[0.902s] creating /home/tomasz_pietkun/PycharmProjects/Pioneer3DX_masters/build/pioneer_pkg/build/lib/pioneer_pkg
[0.902s] copying pioneer_pkg/__init__.py -> /home/tomasz_pietkun/PycharmProjects/Pioneer3DX_masters/build/pioneer_pkg/build/lib/pioneer_pkg
[0.902s] running install
[0.907s] /usr/lib/python3/dist-packages/setuptools/command/install.py:34: SetuptoolsDeprecationWarning: setup.py install is deprecated. Use build and pip and other standards-based tools.
[0.907s]   warnings.warn(
[0.907s] running install_lib
[0.908s] creating /home/tomasz_pietkun/PycharmProjects/Pioneer3DX_masters/install/pioneer_pkg/lib/python3.10/site-packages/pioneer_pkg
[0.909s] copying /home/tomasz_pietkun/PycharmProjects/Pioneer3DX_masters/build/pioneer_pkg/build/lib/pioneer_pkg/__init__.py -> /home/tomasz_pietkun/PycharmProjects/Pioneer3DX_masters/install/pioneer_pkg/lib/python3.10/site-packages/pioneer_pkg
[0.909s] byte-compiling /home/tomasz_pietkun/PycharmProjects/Pioneer3DX_masters/install/pioneer_pkg/lib/python3.10/site-packages/pioneer_pkg/__init__.py to __init__.cpython-310.pyc
[0.909s] running install_data
[0.909s] creating /home/tomasz_pietkun/PycharmProjects/Pioneer3DX_masters/install/pioneer_pkg/share/ament_index
[0.910s] creating /home/tomasz_pietkun/PycharmProjects/Pioneer3DX_masters/install/pioneer_pkg/share/ament_index/resource_index
[0.910s] creating /home/tomasz_pietkun/PycharmProjects/Pioneer3DX_masters/install/pioneer_pkg/share/ament_index/resource_index/packages
[0.910s] copying resource/pioneer_pkg -> /home/tomasz_pietkun/PycharmProjects/Pioneer3DX_masters/install/pioneer_pkg/share/ament_index/resource_index/packages
[0.910s] copying package.xml -> /home/tomasz_pietkun/PycharmProjects/Pioneer3DX_masters/install/pioneer_pkg/share/pioneer_pkg
[0.910s] running install_egg_info
[0.911s] Copying ../../build/pioneer_pkg/pioneer_pkg.egg-info to /home/tomasz_pietkun/PycharmProjects/Pioneer3DX_masters/install/pioneer_pkg/lib/python3.10/site-packages/pioneer_pkg-0.0.0-py3.10.egg-info
[0.912s] running install_scripts
[0.928s] writing list of installed files to '/home/tomasz_pietkun/PycharmProjects/Pioneer3DX_masters/build/pioneer_pkg/install.log'
[0.954s] Invoked command in '/home/tomasz_pietkun/PycharmProjects/Pioneer3DX_masters/src/pioneer_pkg' returned '0': PYTHONPATH=/home/tomasz_pietkun/PycharmProjects/Pioneer3DX_masters/build/pioneer_pkg/prefix_override:/home/tomasz_pietkun/PycharmProjects/Pioneer3DX_masters/install/pioneer_pkg/lib/python3.10/site-packages:${PYTHONPATH} /usr/bin/python3 setup.py egg_info --egg-base ../../build/pioneer_pkg build --build-base /home/tomasz_pietkun/PycharmProjects/Pioneer3DX_masters/build/pioneer_pkg/build install --record /home/tomasz_pietkun/PycharmProjects/Pioneer3DX_masters/build/pioneer_pkg/install.log --single-version-externally-managed
