[0.126s] Invoking command in '/home/tomasz_pietkun/PycharmProjects/Pioneer3DX_masters/build/amr_robots_launchfiles': /usr/bin/cmake /home/tomasz_pietkun/PycharmProjects/Pioneer3DX_masters/amr-ros-config-master/launch -DCATKIN_INSTALL_INTO_PREFIX_ROOT=0 -DCMAKE_INSTALL_PREFIX=/home/tomasz_pietkun/PycharmProjects/Pioneer3DX_masters/install/amr_robots_launchfiles
[0.137s] [0mCMake Deprecation Warning at CMakeLists.txt:1 (cmake_minimum_required):
[0.137s]   Compatibility with CMake < 2.8.12 will be removed from a future version of
[0.137s]   CMake.
[0.137s] 
[0.137s]   Update the VERSION argument <min> value or use a ...<max> suffix to tell
[0.137s]   CMake that the project does not need compatibility with older versions.
[0.137s] 
[0.137s] [0m
[0.200s] -- The C compiler identification is GNU 11.4.0
[0.252s] -- The CXX compiler identification is GNU 11.4.0
[0.259s] -- Detecting C compiler ABI info
[0.357s] -- Detecting C compiler ABI info - done
[0.373s] -- Check for working C compiler: /usr/bin/cc - skipped
[0.373s] -- Detecting C compile features
[0.374s] -- Detecting C compile features - done
[0.380s] -- Detecting CXX compiler ABI info
[0.465s] -- Detecting CXX compiler ABI info - done
[0.472s] -- Check for working CXX compiler: /usr/bin/c++ - skipped
[0.472s] -- Detecting CXX compile features
[0.473s] -- Detecting CXX compile features - done
[0.473s] -- Configuring done
[0.474s] -- Generating done
[0.475s] [33mCMake Warning:
[0.475s]   Manually-specified variables were not used by the project:
[0.475s] 
[0.475s]     CATKIN_INSTALL_INTO_PREFIX_ROOT
[0.475s] 
[0.475s] [0m
[0.475s] -- Build files have been written to: /home/tomasz_pietkun/PycharmProjects/Pioneer3DX_masters/build/amr_robots_launchfiles
