[0.798s] DEBUG:colcon:Command line arguments: ['/usr/bin/colcon', 'build']
[0.798s] DEBUG:colcon:Parsed command line arguments: Namespace(log_base=None, log_level=None, verb_name='build', build_base='build', install_base='install', merge_install=False, symlink_install=False, test_result_base=None, continue_on_error=False, executor='parallel', parallel_workers=16, event_handlers=None, ignore_user_meta=False, metas=['./colcon.meta'], base_paths=['.'], packages_ignore=None, packages_ignore_regex=None, paths=None, packages_up_to=None, packages_up_to_regex=None, packages_above=None, packages_above_and_dependencies=None, packages_above_depth=None, packages_select_by_dep=None, packages_skip_by_dep=None, packages_skip_up_to=None, packages_select_build_failed=False, packages_skip_build_finished=False, packages_select_test_failures=False, packages_skip_test_passed=False, packages_select=None, packages_skip=None, packages_select_regex=None, packages_skip_regex=None, packages_start=None, packages_end=None, allow_overriding=[], cmake_args=None, cmake_target=None, cmake_target_skip_unavailable=False, cmake_clean_cache=False, cmake_clean_first=False, cmake_force_configure=False, ament_cmake_args=None, catkin_cmake_args=None, catkin_skip_building_tests=False, verb_parser=<colcon_defaults.argument_parser.defaults.DefaultArgumentsDecorator object at 0x7f56a3959db0>, verb_extension=<colcon_core.verb.build.BuildVerb object at 0x7f56a3dd7880>, main=<bound method BuildVerb.main of <colcon_core.verb.build.BuildVerb object at 0x7f56a3dd7880>>)
[0.835s] Level 1:colcon.colcon_core.package_discovery:discover_packages(colcon_meta) check parameters
[0.835s] Level 1:colcon.colcon_core.package_discovery:discover_packages(recursive) check parameters
[0.835s] Level 1:colcon.colcon_core.package_discovery:discover_packages(ignore) check parameters
[0.835s] Level 1:colcon.colcon_core.package_discovery:discover_packages(path) check parameters
[0.835s] Level 1:colcon.colcon_core.package_discovery:discover_packages(colcon_meta) discover
[0.835s] Level 1:colcon.colcon_core.package_discovery:discover_packages(recursive) discover
[0.835s] INFO:colcon.colcon_core.package_discovery:Crawling recursively for packages in '/home/tomasz_pietkun/PycharmProjects/Pioneer3DX_masters'
[0.835s] Level 1:colcon.colcon_core.package_identification:_identify(.) by extensions ['ignore', 'ignore_ament_install']
[0.835s] Level 1:colcon.colcon_core.package_identification:_identify(.) by extension 'ignore'
[0.835s] Level 1:colcon.colcon_core.package_identification:_identify(.) by extension 'ignore_ament_install'
[0.835s] Level 1:colcon.colcon_core.package_identification:_identify(.) by extensions ['colcon_pkg']
[0.835s] Level 1:colcon.colcon_core.package_identification:_identify(.) by extension 'colcon_pkg'
[0.835s] Level 1:colcon.colcon_core.package_identification:_identify(.) by extensions ['colcon_meta']
[0.835s] Level 1:colcon.colcon_core.package_identification:_identify(.) by extension 'colcon_meta'
[0.835s] Level 1:colcon.colcon_core.package_identification:_identify(.) by extensions ['ros']
[0.835s] Level 1:colcon.colcon_core.package_identification:_identify(.) by extension 'ros'
[0.844s] Level 1:colcon.colcon_core.package_identification:_identify(.) by extensions ['cmake', 'python']
[0.844s] Level 1:colcon.colcon_core.package_identification:_identify(.) by extension 'cmake'
[0.844s] Level 1:colcon.colcon_core.package_identification:_identify(.) by extension 'python'
[0.844s] Level 1:colcon.colcon_core.package_identification:_identify(.) by extensions ['python_setup_py']
[0.844s] Level 1:colcon.colcon_core.package_identification:_identify(.) by extension 'python_setup_py'
[0.844s] Level 1:colcon.colcon_core.package_identification:_identify(build) by extensions ['ignore', 'ignore_ament_install']
[0.844s] Level 1:colcon.colcon_core.package_identification:_identify(build) by extension 'ignore'
[0.844s] Level 1:colcon.colcon_core.package_identification:_identify(build) ignored
[0.844s] Level 1:colcon.colcon_core.package_identification:_identify(description) by extensions ['ignore', 'ignore_ament_install']
[0.845s] Level 1:colcon.colcon_core.package_identification:_identify(description) by extension 'ignore'
[0.845s] Level 1:colcon.colcon_core.package_identification:_identify(description) by extension 'ignore_ament_install'
[0.845s] Level 1:colcon.colcon_core.package_identification:_identify(description) by extensions ['colcon_pkg']
[0.845s] Level 1:colcon.colcon_core.package_identification:_identify(description) by extension 'colcon_pkg'
[0.845s] Level 1:colcon.colcon_core.package_identification:_identify(description) by extensions ['colcon_meta']
[0.845s] Level 1:colcon.colcon_core.package_identification:_identify(description) by extension 'colcon_meta'
[0.845s] Level 1:colcon.colcon_core.package_identification:_identify(description) by extensions ['ros']
[0.845s] Level 1:colcon.colcon_core.package_identification:_identify(description) by extension 'ros'
[0.847s] DEBUG:colcon.colcon_core.package_identification:Package 'description' with type 'ros.catkin' and name 'amr_robots_description'
[0.847s] Level 1:colcon.colcon_core.package_identification:_identify(install) by extensions ['ignore', 'ignore_ament_install']
[0.847s] Level 1:colcon.colcon_core.package_identification:_identify(install) by extension 'ignore'
[0.847s] Level 1:colcon.colcon_core.package_identification:_identify(install) ignored
[0.847s] Level 1:colcon.colcon_core.package_identification:_identify(log) by extensions ['ignore', 'ignore_ament_install']
[0.847s] Level 1:colcon.colcon_core.package_identification:_identify(log) by extension 'ignore'
[0.847s] Level 1:colcon.colcon_core.package_identification:_identify(log) ignored
[0.847s] Level 1:colcon.colcon_core.package_identification:_identify(src) by extensions ['ignore', 'ignore_ament_install']
[0.848s] Level 1:colcon.colcon_core.package_identification:_identify(src) by extension 'ignore'
[0.848s] Level 1:colcon.colcon_core.package_identification:_identify(src) by extension 'ignore_ament_install'
[0.848s] Level 1:colcon.colcon_core.package_identification:_identify(src) by extensions ['colcon_pkg']
[0.848s] Level 1:colcon.colcon_core.package_identification:_identify(src) by extension 'colcon_pkg'
[0.848s] Level 1:colcon.colcon_core.package_identification:_identify(src) by extensions ['colcon_meta']
[0.848s] Level 1:colcon.colcon_core.package_identification:_identify(src) by extension 'colcon_meta'
[0.848s] Level 1:colcon.colcon_core.package_identification:_identify(src) by extensions ['ros']
[0.848s] Level 1:colcon.colcon_core.package_identification:_identify(src) by extension 'ros'
[0.848s] Level 1:colcon.colcon_core.package_identification:_identify(src) by extensions ['cmake', 'python']
[0.848s] Level 1:colcon.colcon_core.package_identification:_identify(src) by extension 'cmake'
[0.848s] Level 1:colcon.colcon_core.package_identification:_identify(src) by extension 'python'
[0.848s] Level 1:colcon.colcon_core.package_identification:_identify(src) by extensions ['python_setup_py']
[0.848s] Level 1:colcon.colcon_core.package_identification:_identify(src) by extension 'python_setup_py'
[0.848s] Level 1:colcon.colcon_core.package_identification:_identify(src/pioneer_pkg) by extensions ['ignore', 'ignore_ament_install']
[0.848s] Level 1:colcon.colcon_core.package_identification:_identify(src/pioneer_pkg) by extension 'ignore'
[0.848s] Level 1:colcon.colcon_core.package_identification:_identify(src/pioneer_pkg) by extension 'ignore_ament_install'
[0.848s] Level 1:colcon.colcon_core.package_identification:_identify(src/pioneer_pkg) by extensions ['colcon_pkg']
[0.848s] Level 1:colcon.colcon_core.package_identification:_identify(src/pioneer_pkg) by extension 'colcon_pkg'
[0.848s] Level 1:colcon.colcon_core.package_identification:_identify(src/pioneer_pkg) by extensions ['colcon_meta']
[0.848s] Level 1:colcon.colcon_core.package_identification:_identify(src/pioneer_pkg) by extension 'colcon_meta'
[0.848s] Level 1:colcon.colcon_core.package_identification:_identify(src/pioneer_pkg) by extensions ['ros']
[0.848s] Level 1:colcon.colcon_core.package_identification:_identify(src/pioneer_pkg) by extension 'ros'
[0.849s] DEBUG:colcon.colcon_core.package_identification:Package 'src/pioneer_pkg' with type 'ros.ament_python' and name 'pioneer_pkg'
[0.849s] Level 1:colcon.colcon_core.package_discovery:discover_packages(recursive) using defaults
[0.849s] Level 1:colcon.colcon_core.package_discovery:discover_packages(ignore) discover
[0.849s] Level 1:colcon.colcon_core.package_discovery:discover_packages(ignore) using defaults
[0.849s] Level 1:colcon.colcon_core.package_discovery:discover_packages(path) discover
[0.849s] Level 1:colcon.colcon_core.package_discovery:discover_packages(path) using defaults
[0.922s] Level 1:colcon.colcon_core.package_discovery:discover_packages(prefix_path) check parameters
[0.922s] Level 1:colcon.colcon_core.package_discovery:discover_packages(prefix_path) discover
[0.947s] DEBUG:colcon.colcon_installed_package_information.package_discovery:Found 1 installed packages in /home/tomasz_pietkun/PycharmProjects/Pioneer3DX_masters/install
[0.960s] DEBUG:colcon.colcon_installed_package_information.package_discovery:Found 275 installed packages in /opt/ros/humble
[0.961s] Level 1:colcon.colcon_core.package_discovery:discover_packages(prefix_path) using defaults
[1.040s] Level 5:colcon.colcon_core.verb:set package 'amr_robots_description' build argument 'cmake_args' from command line to 'None'
[1.040s] Level 5:colcon.colcon_core.verb:set package 'amr_robots_description' build argument 'cmake_target' from command line to 'None'
[1.040s] Level 5:colcon.colcon_core.verb:set package 'amr_robots_description' build argument 'cmake_target_skip_unavailable' from command line to 'False'
[1.040s] Level 5:colcon.colcon_core.verb:set package 'amr_robots_description' build argument 'cmake_clean_cache' from command line to 'False'
[1.040s] Level 5:colcon.colcon_core.verb:set package 'amr_robots_description' build argument 'cmake_clean_first' from command line to 'False'
[1.041s] Level 5:colcon.colcon_core.verb:set package 'amr_robots_description' build argument 'cmake_force_configure' from command line to 'False'
[1.041s] Level 5:colcon.colcon_core.verb:set package 'amr_robots_description' build argument 'ament_cmake_args' from command line to 'None'
[1.041s] Level 5:colcon.colcon_core.verb:set package 'amr_robots_description' build argument 'catkin_cmake_args' from command line to 'None'
[1.041s] Level 5:colcon.colcon_core.verb:set package 'amr_robots_description' build argument 'catkin_skip_building_tests' from command line to 'False'
[1.041s] DEBUG:colcon.colcon_core.verb:Building package 'amr_robots_description' with the following arguments: {'ament_cmake_args': None, 'build_base': '/home/tomasz_pietkun/PycharmProjects/Pioneer3DX_masters/build/amr_robots_description', 'catkin_cmake_args': None, 'catkin_skip_building_tests': False, 'cmake_args': None, 'cmake_clean_cache': False, 'cmake_clean_first': False, 'cmake_force_configure': False, 'cmake_target': None, 'cmake_target_skip_unavailable': False, 'install_base': '/home/tomasz_pietkun/PycharmProjects/Pioneer3DX_masters/install/amr_robots_description', 'merge_install': False, 'path': '/home/tomasz_pietkun/PycharmProjects/Pioneer3DX_masters/description', 'symlink_install': False, 'test_result_base': None}
[1.052s] Level 5:colcon.colcon_core.verb:set package 'pioneer_pkg' build argument 'cmake_args' from command line to 'None'
[1.052s] Level 5:colcon.colcon_core.verb:set package 'pioneer_pkg' build argument 'cmake_target' from command line to 'None'
[1.052s] Level 5:colcon.colcon_core.verb:set package 'pioneer_pkg' build argument 'cmake_target_skip_unavailable' from command line to 'False'
[1.052s] Level 5:colcon.colcon_core.verb:set package 'pioneer_pkg' build argument 'cmake_clean_cache' from command line to 'False'
[1.052s] Level 5:colcon.colcon_core.verb:set package 'pioneer_pkg' build argument 'cmake_clean_first' from command line to 'False'
[1.052s] Level 5:colcon.colcon_core.verb:set package 'pioneer_pkg' build argument 'cmake_force_configure' from command line to 'False'
[1.052s] Level 5:colcon.colcon_core.verb:set package 'pioneer_pkg' build argument 'ament_cmake_args' from command line to 'None'
[1.052s] Level 5:colcon.colcon_core.verb:set package 'pioneer_pkg' build argument 'catkin_cmake_args' from command line to 'None'
[1.053s] Level 5:colcon.colcon_core.verb:set package 'pioneer_pkg' build argument 'catkin_skip_building_tests' from command line to 'False'
[1.053s] DEBUG:colcon.colcon_core.verb:Building package 'pioneer_pkg' with the following arguments: {'ament_cmake_args': None, 'build_base': '/home/tomasz_pietkun/PycharmProjects/Pioneer3DX_masters/build/pioneer_pkg', 'catkin_cmake_args': None, 'catkin_skip_building_tests': False, 'cmake_args': None, 'cmake_clean_cache': False, 'cmake_clean_first': False, 'cmake_force_configure': False, 'cmake_target': None, 'cmake_target_skip_unavailable': False, 'install_base': '/home/tomasz_pietkun/PycharmProjects/Pioneer3DX_masters/install/pioneer_pkg', 'merge_install': False, 'path': '/home/tomasz_pietkun/PycharmProjects/Pioneer3DX_masters/src/pioneer_pkg', 'symlink_install': False, 'test_result_base': None}
[1.064s] INFO:colcon.colcon_core.executor:Executing jobs using 'parallel' executor
[1.076s] DEBUG:colcon.colcon_parallel_executor.executor.parallel:run_until_complete
[1.077s] INFO:colcon.colcon_ros.task.catkin.build:Building ROS package in '/home/tomasz_pietkun/PycharmProjects/Pioneer3DX_masters/description' with build type 'catkin'
[1.077s] INFO:colcon.colcon_cmake.task.cmake.build:Building CMake package in '/home/tomasz_pietkun/PycharmProjects/Pioneer3DX_masters/description'
[1.090s] INFO:colcon.colcon_core.plugin_system:Skipping extension 'colcon_core.shell.bat': Not used on non-Windows systems
[1.090s] INFO:colcon.colcon_core.shell:Skip shell extension 'powershell' for command environment: Not usable outside of PowerShell
[1.090s] DEBUG:colcon.colcon_core.shell:Skip shell extension 'dsv' for command environment
[1.130s] INFO:colcon.colcon_ros.task.ament_python.build:Building ROS package in '/home/tomasz_pietkun/PycharmProjects/Pioneer3DX_masters/src/pioneer_pkg' with build type 'ament_python'
[1.130s] Level 1:colcon.colcon_core.shell:create_environment_hook('pioneer_pkg', 'ament_prefix_path')
[1.143s] INFO:colcon.colcon_core.shell:Creating environment hook '/home/tomasz_pietkun/PycharmProjects/Pioneer3DX_masters/install/pioneer_pkg/share/pioneer_pkg/hook/ament_prefix_path.ps1'
[1.143s] INFO:colcon.colcon_core.shell:Creating environment descriptor '/home/tomasz_pietkun/PycharmProjects/Pioneer3DX_masters/install/pioneer_pkg/share/pioneer_pkg/hook/ament_prefix_path.dsv'
[1.143s] INFO:colcon.colcon_core.shell:Creating environment hook '/home/tomasz_pietkun/PycharmProjects/Pioneer3DX_masters/install/pioneer_pkg/share/pioneer_pkg/hook/ament_prefix_path.sh'
[1.156s] INFO:colcon.colcon_core.shell:Skip shell extension 'powershell' for command environment: Not usable outside of PowerShell
[1.156s] DEBUG:colcon.colcon_core.shell:Skip shell extension 'dsv' for command environment
[1.199s] DEBUG:colcon.colcon_core.event_handler.log_command:Invoking command in '/home/tomasz_pietkun/PycharmProjects/Pioneer3DX_masters/build/amr_robots_description': /usr/bin/cmake /home/tomasz_pietkun/PycharmProjects/Pioneer3DX_masters/description -DCATKIN_INSTALL_INTO_PREFIX_ROOT=0 -DCMAKE_INSTALL_PREFIX=/home/tomasz_pietkun/PycharmProjects/Pioneer3DX_masters/install/amr_robots_description
[1.420s] INFO:colcon.colcon_core.task.python.build:Building Python package in '/home/tomasz_pietkun/PycharmProjects/Pioneer3DX_masters/src/pioneer_pkg'
[1.432s] INFO:colcon.colcon_core.shell:Skip shell extension 'powershell' for command environment: Not usable outside of PowerShell
[1.432s] DEBUG:colcon.colcon_core.shell:Skip shell extension 'dsv' for command environment
[1.733s] DEBUG:colcon.colcon_core.event_handler.log_command:Invoking command in '/home/tomasz_pietkun/PycharmProjects/Pioneer3DX_masters/src/pioneer_pkg': PYTHONPATH=/home/tomasz_pietkun/PycharmProjects/Pioneer3DX_masters/build/pioneer_pkg/prefix_override:/home/tomasz_pietkun/PycharmProjects/Pioneer3DX_masters/install/pioneer_pkg/lib/python3.10/site-packages:${PYTHONPATH} /usr/bin/python3 setup.py egg_info --egg-base ../../build/pioneer_pkg build --build-base /home/tomasz_pietkun/PycharmProjects/Pioneer3DX_masters/build/pioneer_pkg/build install --record /home/tomasz_pietkun/PycharmProjects/Pioneer3DX_masters/build/pioneer_pkg/install.log --single-version-externally-managed
[1.811s] DEBUG:colcon.colcon_core.event_handler.log_command:Invoked command in '/home/tomasz_pietkun/PycharmProjects/Pioneer3DX_masters/build/amr_robots_description' returned '1': /usr/bin/cmake /home/tomasz_pietkun/PycharmProjects/Pioneer3DX_masters/description -DCATKIN_INSTALL_INTO_PREFIX_ROOT=0 -DCMAKE_INSTALL_PREFIX=/home/tomasz_pietkun/PycharmProjects/Pioneer3DX_masters/install/amr_robots_description
[1.824s] Level 1:colcon.colcon_core.environment:create_environment_scripts_only(amr_robots_description)
[1.851s] Level 1:colcon.colcon_core.environment:checking '/home/tomasz_pietkun/PycharmProjects/Pioneer3DX_masters/install/amr_robots_description' for CMake module files
[1.852s] Level 1:colcon.colcon_core.environment:checking '/home/tomasz_pietkun/PycharmProjects/Pioneer3DX_masters/install/amr_robots_description' for CMake config files
[1.852s] Level 1:colcon.colcon_core.environment:checking '/home/tomasz_pietkun/PycharmProjects/Pioneer3DX_masters/install/amr_robots_description/bin'
[1.853s] Level 1:colcon.colcon_core.environment:checking '/home/tomasz_pietkun/PycharmProjects/Pioneer3DX_masters/install/amr_robots_description/lib/pkgconfig/amr_robots_description.pc'
[1.853s] Level 1:colcon.colcon_core.environment:checking '/home/tomasz_pietkun/PycharmProjects/Pioneer3DX_masters/install/amr_robots_description/lib/python3.10/site-packages'
[1.853s] Level 1:colcon.colcon_core.environment:checking '/home/tomasz_pietkun/PycharmProjects/Pioneer3DX_masters/install/amr_robots_description/bin'
[1.878s] INFO:colcon.colcon_core.shell:Creating package script '/home/tomasz_pietkun/PycharmProjects/Pioneer3DX_masters/install/amr_robots_description/share/amr_robots_description/package.ps1'
[1.879s] INFO:colcon.colcon_core.shell:Creating package descriptor '/home/tomasz_pietkun/PycharmProjects/Pioneer3DX_masters/install/amr_robots_description/share/amr_robots_description/package.dsv'
[1.880s] INFO:colcon.colcon_core.shell:Creating package script '/home/tomasz_pietkun/PycharmProjects/Pioneer3DX_masters/install/amr_robots_description/share/amr_robots_description/package.sh'
[1.881s] INFO:colcon.colcon_core.shell:Creating package script '/home/tomasz_pietkun/PycharmProjects/Pioneer3DX_masters/install/amr_robots_description/share/amr_robots_description/package.bash'
[1.882s] INFO:colcon.colcon_core.shell:Creating package script '/home/tomasz_pietkun/PycharmProjects/Pioneer3DX_masters/install/amr_robots_description/share/amr_robots_description/package.zsh'
[1.883s] Level 1:colcon.colcon_core.environment:create_file_with_runtime_dependencies(/home/tomasz_pietkun/PycharmProjects/Pioneer3DX_masters/install/amr_robots_description/share/colcon-core/packages/amr_robots_description)
[1.988s] DEBUG:colcon.colcon_parallel_executor.executor.parallel:closing loop
[1.988s] DEBUG:colcon.colcon_parallel_executor.executor.parallel:loop closed
[1.988s] DEBUG:colcon.colcon_parallel_executor.executor.parallel:run_until_complete finished with '1'
[1.988s] DEBUG:colcon.colcon_core.event_reactor:joining thread
[2.027s] INFO:colcon.colcon_core.plugin_system:Skipping extension 'colcon_notification.desktop_notification.terminal_notifier': Not used on non-Darwin systems
[2.027s] INFO:colcon.colcon_core.plugin_system:Skipping extension 'colcon_notification.desktop_notification.win32': Not used on non-Windows systems
[2.027s] INFO:colcon.colcon_notification.desktop_notification:Sending desktop notification using 'notify2'
[2.050s] DEBUG:colcon.colcon_core.event_reactor:joined thread
[2.081s] INFO:colcon.colcon_core.shell:Creating prefix script '/home/tomasz_pietkun/PycharmProjects/Pioneer3DX_masters/install/local_setup.ps1'
[2.083s] INFO:colcon.colcon_core.shell:Creating prefix util module '/home/tomasz_pietkun/PycharmProjects/Pioneer3DX_masters/install/_local_setup_util_ps1.py'
[2.085s] INFO:colcon.colcon_core.shell:Creating prefix chain script '/home/tomasz_pietkun/PycharmProjects/Pioneer3DX_masters/install/setup.ps1'
[2.120s] INFO:colcon.colcon_core.shell:Creating prefix script '/home/tomasz_pietkun/PycharmProjects/Pioneer3DX_masters/install/local_setup.sh'
[2.121s] INFO:colcon.colcon_core.shell:Creating prefix util module '/home/tomasz_pietkun/PycharmProjects/Pioneer3DX_masters/install/_local_setup_util_sh.py'
[2.122s] INFO:colcon.colcon_core.shell:Creating prefix chain script '/home/tomasz_pietkun/PycharmProjects/Pioneer3DX_masters/install/setup.sh'
[2.140s] INFO:colcon.colcon_core.shell:Creating prefix script '/home/tomasz_pietkun/PycharmProjects/Pioneer3DX_masters/install/local_setup.bash'
[2.140s] INFO:colcon.colcon_core.shell:Creating prefix chain script '/home/tomasz_pietkun/PycharmProjects/Pioneer3DX_masters/install/setup.bash'
[2.152s] INFO:colcon.colcon_core.shell:Creating prefix script '/home/tomasz_pietkun/PycharmProjects/Pioneer3DX_masters/install/local_setup.zsh'
[2.153s] INFO:colcon.colcon_core.shell:Creating prefix chain script '/home/tomasz_pietkun/PycharmProjects/Pioneer3DX_masters/install/setup.zsh'
