[0.809s] DEBUG:colcon:Command line arguments: ['/usr/bin/colcon', 'build']
[0.809s] DEBUG:colcon:Parsed command line arguments: Namespace(log_base=None, log_level=None, verb_name='build', build_base='build', install_base='install', merge_install=False, symlink_install=False, test_result_base=None, continue_on_error=False, executor='parallel', parallel_workers=16, event_handlers=None, ignore_user_meta=False, metas=['./colcon.meta'], base_paths=['.'], packages_ignore=None, packages_ignore_regex=None, paths=None, packages_up_to=None, packages_up_to_regex=None, packages_above=None, packages_above_and_dependencies=None, packages_above_depth=None, packages_select_by_dep=None, packages_skip_by_dep=None, packages_skip_up_to=None, packages_select_build_failed=False, packages_skip_build_finished=False, packages_select_test_failures=False, packages_skip_test_passed=False, packages_select=None, packages_skip=None, packages_select_regex=None, packages_skip_regex=None, packages_start=None, packages_end=None, allow_overriding=[], cmake_args=None, cmake_target=None, cmake_target_skip_unavailable=False, cmake_clean_cache=False, cmake_clean_first=False, cmake_force_configure=False, ament_cmake_args=None, catkin_cmake_args=None, catkin_skip_building_tests=False, verb_parser=<colcon_defaults.argument_parser.defaults.DefaultArgumentsDecorator object at 0x7f5725e60dc0>, verb_extension=<colcon_core.verb.build.BuildVerb object at 0x7f57267a7880>, main=<bound method BuildVerb.main of <colcon_core.verb.build.BuildVerb object at 0x7f57267a7880>>)
[0.845s] Level 1:colcon.colcon_core.package_discovery:discover_packages(colcon_meta) check parameters
[0.845s] Level 1:colcon.colcon_core.package_discovery:discover_packages(recursive) check parameters
[0.845s] Level 1:colcon.colcon_core.package_discovery:discover_packages(ignore) check parameters
[0.845s] Level 1:colcon.colcon_core.package_discovery:discover_packages(path) check parameters
[0.845s] Level 1:colcon.colcon_core.package_discovery:discover_packages(colcon_meta) discover
[0.845s] Level 1:colcon.colcon_core.package_discovery:discover_packages(recursive) discover
[0.845s] INFO:colcon.colcon_core.package_discovery:Crawling recursively for packages in '/home/tomasz_pietkun/PycharmProjects/Pioneer3DX_masters'
[0.845s] Level 1:colcon.colcon_core.package_identification:_identify(.) by extensions ['ignore', 'ignore_ament_install']
[0.845s] Level 1:colcon.colcon_core.package_identification:_identify(.) by extension 'ignore'
[0.845s] Level 1:colcon.colcon_core.package_identification:_identify(.) by extension 'ignore_ament_install'
[0.845s] Level 1:colcon.colcon_core.package_identification:_identify(.) by extensions ['colcon_pkg']
[0.845s] Level 1:colcon.colcon_core.package_identification:_identify(.) by extension 'colcon_pkg'
[0.845s] Level 1:colcon.colcon_core.package_identification:_identify(.) by extensions ['colcon_meta']
[0.845s] Level 1:colcon.colcon_core.package_identification:_identify(.) by extension 'colcon_meta'
[0.845s] Level 1:colcon.colcon_core.package_identification:_identify(.) by extensions ['ros']
[0.845s] Level 1:colcon.colcon_core.package_identification:_identify(.) by extension 'ros'
[0.854s] Level 1:colcon.colcon_core.package_identification:_identify(.) by extensions ['cmake', 'python']
[0.854s] Level 1:colcon.colcon_core.package_identification:_identify(.) by extension 'cmake'
[0.854s] Level 1:colcon.colcon_core.package_identification:_identify(.) by extension 'python'
[0.854s] Level 1:colcon.colcon_core.package_identification:_identify(.) by extensions ['python_setup_py']
[0.854s] Level 1:colcon.colcon_core.package_identification:_identify(.) by extension 'python_setup_py'
[0.854s] Level 1:colcon.colcon_core.package_identification:_identify(build) by extensions ['ignore', 'ignore_ament_install']
[0.854s] Level 1:colcon.colcon_core.package_identification:_identify(build) by extension 'ignore'
[0.855s] Level 1:colcon.colcon_core.package_identification:_identify(build) ignored
[0.855s] Level 1:colcon.colcon_core.package_identification:_identify(install) by extensions ['ignore', 'ignore_ament_install']
[0.855s] Level 1:colcon.colcon_core.package_identification:_identify(install) by extension 'ignore'
[0.855s] Level 1:colcon.colcon_core.package_identification:_identify(install) ignored
[0.855s] Level 1:colcon.colcon_core.package_identification:_identify(log) by extensions ['ignore', 'ignore_ament_install']
[0.855s] Level 1:colcon.colcon_core.package_identification:_identify(log) by extension 'ignore'
[0.855s] Level 1:colcon.colcon_core.package_identification:_identify(log) ignored
[0.855s] Level 1:colcon.colcon_core.package_identification:_identify(src) by extensions ['ignore', 'ignore_ament_install']
[0.855s] Level 1:colcon.colcon_core.package_identification:_identify(src) by extension 'ignore'
[0.855s] Level 1:colcon.colcon_core.package_identification:_identify(src) by extension 'ignore_ament_install'
[0.855s] Level 1:colcon.colcon_core.package_identification:_identify(src) by extensions ['colcon_pkg']
[0.855s] Level 1:colcon.colcon_core.package_identification:_identify(src) by extension 'colcon_pkg'
[0.855s] Level 1:colcon.colcon_core.package_identification:_identify(src) by extensions ['colcon_meta']
[0.855s] Level 1:colcon.colcon_core.package_identification:_identify(src) by extension 'colcon_meta'
[0.855s] Level 1:colcon.colcon_core.package_identification:_identify(src) by extensions ['ros']
[0.855s] Level 1:colcon.colcon_core.package_identification:_identify(src) by extension 'ros'
[0.855s] Level 1:colcon.colcon_core.package_identification:_identify(src) by extensions ['cmake', 'python']
[0.855s] Level 1:colcon.colcon_core.package_identification:_identify(src) by extension 'cmake'
[0.855s] Level 1:colcon.colcon_core.package_identification:_identify(src) by extension 'python'
[0.855s] Level 1:colcon.colcon_core.package_identification:_identify(src) by extensions ['python_setup_py']
[0.855s] Level 1:colcon.colcon_core.package_identification:_identify(src) by extension 'python_setup_py'
[0.856s] Level 1:colcon.colcon_core.package_identification:_identify(src/amr-ros-config-master) by extensions ['ignore', 'ignore_ament_install']
[0.856s] Level 1:colcon.colcon_core.package_identification:_identify(src/amr-ros-config-master) by extension 'ignore'
[0.856s] Level 1:colcon.colcon_core.package_identification:_identify(src/amr-ros-config-master) by extension 'ignore_ament_install'
[0.856s] Level 1:colcon.colcon_core.package_identification:_identify(src/amr-ros-config-master) by extensions ['colcon_pkg']
[0.856s] Level 1:colcon.colcon_core.package_identification:_identify(src/amr-ros-config-master) by extension 'colcon_pkg'
[0.856s] Level 1:colcon.colcon_core.package_identification:_identify(src/amr-ros-config-master) by extensions ['colcon_meta']
[0.856s] Level 1:colcon.colcon_core.package_identification:_identify(src/amr-ros-config-master) by extension 'colcon_meta'
[0.856s] Level 1:colcon.colcon_core.package_identification:_identify(src/amr-ros-config-master) by extensions ['ros']
[0.856s] Level 1:colcon.colcon_core.package_identification:_identify(src/amr-ros-config-master) by extension 'ros'
[0.856s] Level 1:colcon.colcon_core.package_identification:_identify(src/amr-ros-config-master) by extensions ['cmake', 'python']
[0.856s] Level 1:colcon.colcon_core.package_identification:_identify(src/amr-ros-config-master) by extension 'cmake'
[0.856s] Level 1:colcon.colcon_core.package_identification:_identify(src/amr-ros-config-master) by extension 'python'
[0.856s] Level 1:colcon.colcon_core.package_identification:_identify(src/amr-ros-config-master) by extensions ['python_setup_py']
[0.856s] Level 1:colcon.colcon_core.package_identification:_identify(src/amr-ros-config-master) by extension 'python_setup_py'
[0.856s] Level 1:colcon.colcon_core.package_identification:_identify(src/amr-ros-config-master/description) by extensions ['ignore', 'ignore_ament_install']
[0.856s] Level 1:colcon.colcon_core.package_identification:_identify(src/amr-ros-config-master/description) by extension 'ignore'
[0.856s] Level 1:colcon.colcon_core.package_identification:_identify(src/amr-ros-config-master/description) by extension 'ignore_ament_install'
[0.856s] Level 1:colcon.colcon_core.package_identification:_identify(src/amr-ros-config-master/description) by extensions ['colcon_pkg']
[0.856s] Level 1:colcon.colcon_core.package_identification:_identify(src/amr-ros-config-master/description) by extension 'colcon_pkg'
[0.856s] Level 1:colcon.colcon_core.package_identification:_identify(src/amr-ros-config-master/description) by extensions ['colcon_meta']
[0.856s] Level 1:colcon.colcon_core.package_identification:_identify(src/amr-ros-config-master/description) by extension 'colcon_meta'
[0.856s] Level 1:colcon.colcon_core.package_identification:_identify(src/amr-ros-config-master/description) by extensions ['ros']
[0.856s] Level 1:colcon.colcon_core.package_identification:_identify(src/amr-ros-config-master/description) by extension 'ros'
[0.859s] DEBUG:colcon.colcon_core.package_identification:Package 'src/amr-ros-config-master/description' with type 'ros.catkin' and name 'amr_robots_description'
[0.859s] Level 1:colcon.colcon_core.package_identification:_identify(src/amr-ros-config-master/gazebo) by extensions ['ignore', 'ignore_ament_install']
[0.859s] Level 1:colcon.colcon_core.package_identification:_identify(src/amr-ros-config-master/gazebo) by extension 'ignore'
[0.859s] Level 1:colcon.colcon_core.package_identification:_identify(src/amr-ros-config-master/gazebo) by extension 'ignore_ament_install'
[0.859s] Level 1:colcon.colcon_core.package_identification:_identify(src/amr-ros-config-master/gazebo) by extensions ['colcon_pkg']
[0.859s] Level 1:colcon.colcon_core.package_identification:_identify(src/amr-ros-config-master/gazebo) by extension 'colcon_pkg'
[0.859s] Level 1:colcon.colcon_core.package_identification:_identify(src/amr-ros-config-master/gazebo) by extensions ['colcon_meta']
[0.859s] Level 1:colcon.colcon_core.package_identification:_identify(src/amr-ros-config-master/gazebo) by extension 'colcon_meta'
[0.859s] Level 1:colcon.colcon_core.package_identification:_identify(src/amr-ros-config-master/gazebo) by extensions ['ros']
[0.859s] Level 1:colcon.colcon_core.package_identification:_identify(src/amr-ros-config-master/gazebo) by extension 'ros'
[0.859s] DEBUG:colcon.colcon_core.package_identification:Package 'src/amr-ros-config-master/gazebo' with type 'ros.catkin' and name 'amr_robots_gazebo'
[0.860s] Level 1:colcon.colcon_core.package_identification:_identify(src/amr-ros-config-master/launch) by extensions ['ignore', 'ignore_ament_install']
[0.860s] Level 1:colcon.colcon_core.package_identification:_identify(src/amr-ros-config-master/launch) by extension 'ignore'
[0.860s] Level 1:colcon.colcon_core.package_identification:_identify(src/amr-ros-config-master/launch) by extension 'ignore_ament_install'
[0.860s] Level 1:colcon.colcon_core.package_identification:_identify(src/amr-ros-config-master/launch) by extensions ['colcon_pkg']
[0.860s] Level 1:colcon.colcon_core.package_identification:_identify(src/amr-ros-config-master/launch) by extension 'colcon_pkg'
[0.860s] Level 1:colcon.colcon_core.package_identification:_identify(src/amr-ros-config-master/launch) by extensions ['colcon_meta']
[0.860s] Level 1:colcon.colcon_core.package_identification:_identify(src/amr-ros-config-master/launch) by extension 'colcon_meta'
[0.860s] Level 1:colcon.colcon_core.package_identification:_identify(src/amr-ros-config-master/launch) by extensions ['ros']
[0.860s] Level 1:colcon.colcon_core.package_identification:_identify(src/amr-ros-config-master/launch) by extension 'ros'
[0.860s] DEBUG:colcon.colcon_core.package_identification:Package 'src/amr-ros-config-master/launch' with type 'ros.catkin' and name 'amr_robots_launchfiles'
[0.860s] Level 1:colcon.colcon_core.package_identification:_identify(src/pioneer_pkg) by extensions ['ignore', 'ignore_ament_install']
[0.860s] Level 1:colcon.colcon_core.package_identification:_identify(src/pioneer_pkg) by extension 'ignore'
[0.860s] Level 1:colcon.colcon_core.package_identification:_identify(src/pioneer_pkg) by extension 'ignore_ament_install'
[0.860s] Level 1:colcon.colcon_core.package_identification:_identify(src/pioneer_pkg) by extensions ['colcon_pkg']
[0.860s] Level 1:colcon.colcon_core.package_identification:_identify(src/pioneer_pkg) by extension 'colcon_pkg'
[0.860s] Level 1:colcon.colcon_core.package_identification:_identify(src/pioneer_pkg) by extensions ['colcon_meta']
[0.861s] Level 1:colcon.colcon_core.package_identification:_identify(src/pioneer_pkg) by extension 'colcon_meta'
[0.861s] Level 1:colcon.colcon_core.package_identification:_identify(src/pioneer_pkg) by extensions ['ros']
[0.861s] Level 1:colcon.colcon_core.package_identification:_identify(src/pioneer_pkg) by extension 'ros'
[0.861s] DEBUG:colcon.colcon_core.package_identification:Package 'src/pioneer_pkg' with type 'ros.ament_python' and name 'pioneer_pkg'
[0.861s] Level 1:colcon.colcon_core.package_discovery:discover_packages(recursive) using defaults
[0.861s] Level 1:colcon.colcon_core.package_discovery:discover_packages(ignore) discover
[0.861s] Level 1:colcon.colcon_core.package_discovery:discover_packages(ignore) using defaults
[0.861s] Level 1:colcon.colcon_core.package_discovery:discover_packages(path) discover
[0.861s] Level 1:colcon.colcon_core.package_discovery:discover_packages(path) using defaults
[0.933s] Level 1:colcon.colcon_core.package_discovery:discover_packages(prefix_path) check parameters
[0.933s] Level 1:colcon.colcon_core.package_discovery:discover_packages(prefix_path) discover
[0.958s] DEBUG:colcon.colcon_installed_package_information.package_discovery:Found 2 installed packages in /home/tomasz_pietkun/PycharmProjects/Pioneer3DX_masters/install
[0.971s] DEBUG:colcon.colcon_installed_package_information.package_discovery:Found 275 installed packages in /opt/ros/humble
[0.972s] Level 1:colcon.colcon_core.package_discovery:discover_packages(prefix_path) using defaults
[1.052s] Level 5:colcon.colcon_core.verb:set package 'amr_robots_description' build argument 'cmake_args' from command line to 'None'
[1.052s] Level 5:colcon.colcon_core.verb:set package 'amr_robots_description' build argument 'cmake_target' from command line to 'None'
[1.052s] Level 5:colcon.colcon_core.verb:set package 'amr_robots_description' build argument 'cmake_target_skip_unavailable' from command line to 'False'
[1.052s] Level 5:colcon.colcon_core.verb:set package 'amr_robots_description' build argument 'cmake_clean_cache' from command line to 'False'
[1.052s] Level 5:colcon.colcon_core.verb:set package 'amr_robots_description' build argument 'cmake_clean_first' from command line to 'False'
[1.052s] Level 5:colcon.colcon_core.verb:set package 'amr_robots_description' build argument 'cmake_force_configure' from command line to 'False'
[1.052s] Level 5:colcon.colcon_core.verb:set package 'amr_robots_description' build argument 'ament_cmake_args' from command line to 'None'
[1.052s] Level 5:colcon.colcon_core.verb:set package 'amr_robots_description' build argument 'catkin_cmake_args' from command line to 'None'
[1.052s] Level 5:colcon.colcon_core.verb:set package 'amr_robots_description' build argument 'catkin_skip_building_tests' from command line to 'False'
[1.052s] DEBUG:colcon.colcon_core.verb:Building package 'amr_robots_description' with the following arguments: {'ament_cmake_args': None, 'build_base': '/home/tomasz_pietkun/PycharmProjects/Pioneer3DX_masters/build/amr_robots_description', 'catkin_cmake_args': None, 'catkin_skip_building_tests': False, 'cmake_args': None, 'cmake_clean_cache': False, 'cmake_clean_first': False, 'cmake_force_configure': False, 'cmake_target': None, 'cmake_target_skip_unavailable': False, 'install_base': '/home/tomasz_pietkun/PycharmProjects/Pioneer3DX_masters/install/amr_robots_description', 'merge_install': False, 'path': '/home/tomasz_pietkun/PycharmProjects/Pioneer3DX_masters/src/amr-ros-config-master/description', 'symlink_install': False, 'test_result_base': None}
[1.064s] Level 5:colcon.colcon_core.verb:set package 'amr_robots_gazebo' build argument 'cmake_args' from command line to 'None'
[1.064s] Level 5:colcon.colcon_core.verb:set package 'amr_robots_gazebo' build argument 'cmake_target' from command line to 'None'
[1.064s] Level 5:colcon.colcon_core.verb:set package 'amr_robots_gazebo' build argument 'cmake_target_skip_unavailable' from command line to 'False'
[1.064s] Level 5:colcon.colcon_core.verb:set package 'amr_robots_gazebo' build argument 'cmake_clean_cache' from command line to 'False'
[1.064s] Level 5:colcon.colcon_core.verb:set package 'amr_robots_gazebo' build argument 'cmake_clean_first' from command line to 'False'
[1.064s] Level 5:colcon.colcon_core.verb:set package 'amr_robots_gazebo' build argument 'cmake_force_configure' from command line to 'False'
[1.064s] Level 5:colcon.colcon_core.verb:set package 'amr_robots_gazebo' build argument 'ament_cmake_args' from command line to 'None'
[1.064s] Level 5:colcon.colcon_core.verb:set package 'amr_robots_gazebo' build argument 'catkin_cmake_args' from command line to 'None'
[1.064s] Level 5:colcon.colcon_core.verb:set package 'amr_robots_gazebo' build argument 'catkin_skip_building_tests' from command line to 'False'
[1.064s] DEBUG:colcon.colcon_core.verb:Building package 'amr_robots_gazebo' with the following arguments: {'ament_cmake_args': None, 'build_base': '/home/tomasz_pietkun/PycharmProjects/Pioneer3DX_masters/build/amr_robots_gazebo', 'catkin_cmake_args': None, 'catkin_skip_building_tests': False, 'cmake_args': None, 'cmake_clean_cache': False, 'cmake_clean_first': False, 'cmake_force_configure': False, 'cmake_target': None, 'cmake_target_skip_unavailable': False, 'install_base': '/home/tomasz_pietkun/PycharmProjects/Pioneer3DX_masters/install/amr_robots_gazebo', 'merge_install': False, 'path': '/home/tomasz_pietkun/PycharmProjects/Pioneer3DX_masters/src/amr-ros-config-master/gazebo', 'symlink_install': False, 'test_result_base': None}
[1.076s] Level 5:colcon.colcon_core.verb:set package 'amr_robots_launchfiles' build argument 'cmake_args' from command line to 'None'
[1.076s] Level 5:colcon.colcon_core.verb:set package 'amr_robots_launchfiles' build argument 'cmake_target' from command line to 'None'
[1.076s] Level 5:colcon.colcon_core.verb:set package 'amr_robots_launchfiles' build argument 'cmake_target_skip_unavailable' from command line to 'False'
[1.076s] Level 5:colcon.colcon_core.verb:set package 'amr_robots_launchfiles' build argument 'cmake_clean_cache' from command line to 'False'
[1.076s] Level 5:colcon.colcon_core.verb:set package 'amr_robots_launchfiles' build argument 'cmake_clean_first' from command line to 'False'
[1.076s] Level 5:colcon.colcon_core.verb:set package 'amr_robots_launchfiles' build argument 'cmake_force_configure' from command line to 'False'
[1.076s] Level 5:colcon.colcon_core.verb:set package 'amr_robots_launchfiles' build argument 'ament_cmake_args' from command line to 'None'
[1.076s] Level 5:colcon.colcon_core.verb:set package 'amr_robots_launchfiles' build argument 'catkin_cmake_args' from command line to 'None'
[1.076s] Level 5:colcon.colcon_core.verb:set package 'amr_robots_launchfiles' build argument 'catkin_skip_building_tests' from command line to 'False'
[1.076s] DEBUG:colcon.colcon_core.verb:Building package 'amr_robots_launchfiles' with the following arguments: {'ament_cmake_args': None, 'build_base': '/home/tomasz_pietkun/PycharmProjects/Pioneer3DX_masters/build/amr_robots_launchfiles', 'catkin_cmake_args': None, 'catkin_skip_building_tests': False, 'cmake_args': None, 'cmake_clean_cache': False, 'cmake_clean_first': False, 'cmake_force_configure': False, 'cmake_target': None, 'cmake_target_skip_unavailable': False, 'install_base': '/home/tomasz_pietkun/PycharmProjects/Pioneer3DX_masters/install/amr_robots_launchfiles', 'merge_install': False, 'path': '/home/tomasz_pietkun/PycharmProjects/Pioneer3DX_masters/src/amr-ros-config-master/launch', 'symlink_install': False, 'test_result_base': None}
[1.087s] Level 5:colcon.colcon_core.verb:set package 'pioneer_pkg' build argument 'cmake_args' from command line to 'None'
[1.088s] Level 5:colcon.colcon_core.verb:set package 'pioneer_pkg' build argument 'cmake_target' from command line to 'None'
[1.088s] Level 5:colcon.colcon_core.verb:set package 'pioneer_pkg' build argument 'cmake_target_skip_unavailable' from command line to 'False'
[1.088s] Level 5:colcon.colcon_core.verb:set package 'pioneer_pkg' build argument 'cmake_clean_cache' from command line to 'False'
[1.088s] Level 5:colcon.colcon_core.verb:set package 'pioneer_pkg' build argument 'cmake_clean_first' from command line to 'False'
[1.088s] Level 5:colcon.colcon_core.verb:set package 'pioneer_pkg' build argument 'cmake_force_configure' from command line to 'False'
[1.088s] Level 5:colcon.colcon_core.verb:set package 'pioneer_pkg' build argument 'ament_cmake_args' from command line to 'None'
[1.088s] Level 5:colcon.colcon_core.verb:set package 'pioneer_pkg' build argument 'catkin_cmake_args' from command line to 'None'
[1.088s] Level 5:colcon.colcon_core.verb:set package 'pioneer_pkg' build argument 'catkin_skip_building_tests' from command line to 'False'
[1.088s] DEBUG:colcon.colcon_core.verb:Building package 'pioneer_pkg' with the following arguments: {'ament_cmake_args': None, 'build_base': '/home/tomasz_pietkun/PycharmProjects/Pioneer3DX_masters/build/pioneer_pkg', 'catkin_cmake_args': None, 'catkin_skip_building_tests': False, 'cmake_args': None, 'cmake_clean_cache': False, 'cmake_clean_first': False, 'cmake_force_configure': False, 'cmake_target': None, 'cmake_target_skip_unavailable': False, 'install_base': '/home/tomasz_pietkun/PycharmProjects/Pioneer3DX_masters/install/pioneer_pkg', 'merge_install': False, 'path': '/home/tomasz_pietkun/PycharmProjects/Pioneer3DX_masters/src/pioneer_pkg', 'symlink_install': False, 'test_result_base': None}
[1.099s] INFO:colcon.colcon_core.executor:Executing jobs using 'parallel' executor
[1.112s] DEBUG:colcon.colcon_parallel_executor.executor.parallel:run_until_complete
[1.112s] INFO:colcon.colcon_ros.task.catkin.build:Building ROS package in '/home/tomasz_pietkun/PycharmProjects/Pioneer3DX_masters/src/amr-ros-config-master/description' with build type 'catkin'
[1.112s] INFO:colcon.colcon_cmake.task.cmake.build:Building CMake package in '/home/tomasz_pietkun/PycharmProjects/Pioneer3DX_masters/src/amr-ros-config-master/description'
[1.125s] INFO:colcon.colcon_core.plugin_system:Skipping extension 'colcon_core.shell.bat': Not used on non-Windows systems
[1.126s] INFO:colcon.colcon_core.shell:Skip shell extension 'powershell' for command environment: Not usable outside of PowerShell
[1.126s] DEBUG:colcon.colcon_core.shell:Skip shell extension 'dsv' for command environment
[1.164s] INFO:colcon.colcon_ros.task.catkin.build:Building ROS package in '/home/tomasz_pietkun/PycharmProjects/Pioneer3DX_masters/src/amr-ros-config-master/gazebo' with build type 'catkin'
[1.164s] INFO:colcon.colcon_cmake.task.cmake.build:Building CMake package in '/home/tomasz_pietkun/PycharmProjects/Pioneer3DX_masters/src/amr-ros-config-master/gazebo'
[1.177s] INFO:colcon.colcon_core.shell:Skip shell extension 'powershell' for command environment: Not usable outside of PowerShell
[1.177s] DEBUG:colcon.colcon_core.shell:Skip shell extension 'dsv' for command environment
[1.215s] INFO:colcon.colcon_ros.task.catkin.build:Building ROS package in '/home/tomasz_pietkun/PycharmProjects/Pioneer3DX_masters/src/amr-ros-config-master/launch' with build type 'catkin'
[1.215s] INFO:colcon.colcon_cmake.task.cmake.build:Building CMake package in '/home/tomasz_pietkun/PycharmProjects/Pioneer3DX_masters/src/amr-ros-config-master/launch'
[1.227s] INFO:colcon.colcon_core.shell:Skip shell extension 'powershell' for command environment: Not usable outside of PowerShell
[1.228s] DEBUG:colcon.colcon_core.shell:Skip shell extension 'dsv' for command environment
[1.266s] INFO:colcon.colcon_ros.task.ament_python.build:Building ROS package in '/home/tomasz_pietkun/PycharmProjects/Pioneer3DX_masters/src/pioneer_pkg' with build type 'ament_python'
[1.266s] Level 1:colcon.colcon_core.shell:create_environment_hook('pioneer_pkg', 'ament_prefix_path')
[1.278s] INFO:colcon.colcon_core.shell:Creating environment hook '/home/tomasz_pietkun/PycharmProjects/Pioneer3DX_masters/install/pioneer_pkg/share/pioneer_pkg/hook/ament_prefix_path.ps1'
[1.278s] INFO:colcon.colcon_core.shell:Creating environment descriptor '/home/tomasz_pietkun/PycharmProjects/Pioneer3DX_masters/install/pioneer_pkg/share/pioneer_pkg/hook/ament_prefix_path.dsv'
[1.279s] INFO:colcon.colcon_core.shell:Creating environment hook '/home/tomasz_pietkun/PycharmProjects/Pioneer3DX_masters/install/pioneer_pkg/share/pioneer_pkg/hook/ament_prefix_path.sh'
[1.291s] INFO:colcon.colcon_core.shell:Skip shell extension 'powershell' for command environment: Not usable outside of PowerShell
[1.291s] DEBUG:colcon.colcon_core.shell:Skip shell extension 'dsv' for command environment
[1.335s] DEBUG:colcon.colcon_core.event_handler.log_command:Invoking command in '/home/tomasz_pietkun/PycharmProjects/Pioneer3DX_masters/build/amr_robots_description': /usr/bin/cmake /home/tomasz_pietkun/PycharmProjects/Pioneer3DX_masters/src/amr-ros-config-master/description -DCATKIN_INSTALL_INTO_PREFIX_ROOT=0 -DCMAKE_INSTALL_PREFIX=/home/tomasz_pietkun/PycharmProjects/Pioneer3DX_masters/install/amr_robots_description
[1.338s] DEBUG:colcon.colcon_core.event_handler.log_command:Invoking command in '/home/tomasz_pietkun/PycharmProjects/Pioneer3DX_masters/build/amr_robots_gazebo': /usr/bin/cmake --build /home/tomasz_pietkun/PycharmProjects/Pioneer3DX_masters/build/amr_robots_gazebo -- -j16 -l16
[1.340s] DEBUG:colcon.colcon_core.event_handler.log_command:Invoking command in '/home/tomasz_pietkun/PycharmProjects/Pioneer3DX_masters/build/amr_robots_launchfiles': /usr/bin/cmake --build /home/tomasz_pietkun/PycharmProjects/Pioneer3DX_masters/build/amr_robots_launchfiles -- -j16 -l16
[1.548s] INFO:colcon.colcon_core.task.python.build:Building Python package in '/home/tomasz_pietkun/PycharmProjects/Pioneer3DX_masters/src/pioneer_pkg'
[1.560s] INFO:colcon.colcon_core.shell:Skip shell extension 'powershell' for command environment: Not usable outside of PowerShell
[1.560s] DEBUG:colcon.colcon_core.shell:Skip shell extension 'dsv' for command environment
[1.598s] DEBUG:colcon.colcon_core.event_handler.log_command:Invoked command in '/home/tomasz_pietkun/PycharmProjects/Pioneer3DX_masters/build/amr_robots_gazebo' returned '2': /usr/bin/cmake --build /home/tomasz_pietkun/PycharmProjects/Pioneer3DX_masters/build/amr_robots_gazebo -- -j16 -l16
[1.599s] DEBUG:colcon.colcon_core.event_handler.log_command:Invoked command in '/home/tomasz_pietkun/PycharmProjects/Pioneer3DX_masters/build/amr_robots_description' returned '1': /usr/bin/cmake /home/tomasz_pietkun/PycharmProjects/Pioneer3DX_masters/src/amr-ros-config-master/description -DCATKIN_INSTALL_INTO_PREFIX_ROOT=0 -DCMAKE_INSTALL_PREFIX=/home/tomasz_pietkun/PycharmProjects/Pioneer3DX_masters/install/amr_robots_description
[1.600s] DEBUG:colcon.colcon_core.event_handler.log_command:Invoked command in '/home/tomasz_pietkun/PycharmProjects/Pioneer3DX_masters/build/amr_robots_launchfiles' returned '2': /usr/bin/cmake --build /home/tomasz_pietkun/PycharmProjects/Pioneer3DX_masters/build/amr_robots_launchfiles -- -j16 -l16
[1.611s] Level 1:colcon.colcon_core.environment:create_environment_scripts_only(amr_robots_description)
[1.625s] Level 1:colcon.colcon_core.environment:checking '/home/tomasz_pietkun/PycharmProjects/Pioneer3DX_masters/install/amr_robots_description' for CMake module files
[1.626s] Level 1:colcon.colcon_core.environment:checking '/home/tomasz_pietkun/PycharmProjects/Pioneer3DX_masters/install/amr_robots_description' for CMake config files
[1.626s] Level 1:colcon.colcon_core.environment:checking '/home/tomasz_pietkun/PycharmProjects/Pioneer3DX_masters/install/amr_robots_description/bin'
[1.626s] Level 1:colcon.colcon_core.environment:checking '/home/tomasz_pietkun/PycharmProjects/Pioneer3DX_masters/install/amr_robots_description/lib/pkgconfig/amr_robots_description.pc'
[1.626s] Level 1:colcon.colcon_core.environment:checking '/home/tomasz_pietkun/PycharmProjects/Pioneer3DX_masters/install/amr_robots_description/lib/python3.10/site-packages'
[1.627s] Level 1:colcon.colcon_core.environment:checking '/home/tomasz_pietkun/PycharmProjects/Pioneer3DX_masters/install/amr_robots_description/bin'
[1.639s] INFO:colcon.colcon_core.shell:Creating package script '/home/tomasz_pietkun/PycharmProjects/Pioneer3DX_masters/install/amr_robots_description/share/amr_robots_description/package.ps1'
[1.640s] INFO:colcon.colcon_core.shell:Creating package descriptor '/home/tomasz_pietkun/PycharmProjects/Pioneer3DX_masters/install/amr_robots_description/share/amr_robots_description/package.dsv'
[1.640s] INFO:colcon.colcon_core.shell:Creating package script '/home/tomasz_pietkun/PycharmProjects/Pioneer3DX_masters/install/amr_robots_description/share/amr_robots_description/package.sh'
[1.641s] INFO:colcon.colcon_core.shell:Creating package script '/home/tomasz_pietkun/PycharmProjects/Pioneer3DX_masters/install/amr_robots_description/share/amr_robots_description/package.bash'
[1.641s] INFO:colcon.colcon_core.shell:Creating package script '/home/tomasz_pietkun/PycharmProjects/Pioneer3DX_masters/install/amr_robots_description/share/amr_robots_description/package.zsh'
[1.642s] Level 1:colcon.colcon_core.environment:create_file_with_runtime_dependencies(/home/tomasz_pietkun/PycharmProjects/Pioneer3DX_masters/install/amr_robots_description/share/colcon-core/packages/amr_robots_description)
[1.900s] DEBUG:colcon.colcon_parallel_executor.executor.parallel:closing loop
[1.901s] DEBUG:colcon.colcon_parallel_executor.executor.parallel:loop closed
[1.901s] DEBUG:colcon.colcon_parallel_executor.executor.parallel:run_until_complete finished with '1'
[1.901s] DEBUG:colcon.colcon_core.event_reactor:joining thread
[1.945s] INFO:colcon.colcon_core.plugin_system:Skipping extension 'colcon_notification.desktop_notification.terminal_notifier': Not used on non-Darwin systems
[1.945s] INFO:colcon.colcon_core.plugin_system:Skipping extension 'colcon_notification.desktop_notification.win32': Not used on non-Windows systems
[1.945s] INFO:colcon.colcon_notification.desktop_notification:Sending desktop notification using 'notify2'
[1.966s] DEBUG:colcon.colcon_core.event_reactor:joined thread
[1.997s] INFO:colcon.colcon_core.shell:Creating prefix script '/home/tomasz_pietkun/PycharmProjects/Pioneer3DX_masters/install/local_setup.ps1'
[1.999s] INFO:colcon.colcon_core.shell:Creating prefix util module '/home/tomasz_pietkun/PycharmProjects/Pioneer3DX_masters/install/_local_setup_util_ps1.py'
[2.001s] INFO:colcon.colcon_core.shell:Creating prefix chain script '/home/tomasz_pietkun/PycharmProjects/Pioneer3DX_masters/install/setup.ps1'
[2.036s] INFO:colcon.colcon_core.shell:Creating prefix script '/home/tomasz_pietkun/PycharmProjects/Pioneer3DX_masters/install/local_setup.sh'
[2.037s] INFO:colcon.colcon_core.shell:Creating prefix util module '/home/tomasz_pietkun/PycharmProjects/Pioneer3DX_masters/install/_local_setup_util_sh.py'
[2.038s] INFO:colcon.colcon_core.shell:Creating prefix chain script '/home/tomasz_pietkun/PycharmProjects/Pioneer3DX_masters/install/setup.sh'
[2.056s] INFO:colcon.colcon_core.shell:Creating prefix script '/home/tomasz_pietkun/PycharmProjects/Pioneer3DX_masters/install/local_setup.bash'
[2.057s] INFO:colcon.colcon_core.shell:Creating prefix chain script '/home/tomasz_pietkun/PycharmProjects/Pioneer3DX_masters/install/setup.bash'
[2.069s] INFO:colcon.colcon_core.shell:Creating prefix script '/home/tomasz_pietkun/PycharmProjects/Pioneer3DX_masters/install/local_setup.zsh'
[2.069s] INFO:colcon.colcon_core.shell:Creating prefix chain script '/home/tomasz_pietkun/PycharmProjects/Pioneer3DX_masters/install/setup.zsh'
